#
# There is insufficient memory for the Java Runtime Environment to continue.
# Native memory allocation (malloc) failed to allocate 65552 bytes for Chunk::new
# Possible reasons:
#   The system is out of physical RAM or swap space
#   In 32 bit mode, the process size limit was hit
# Possible solutions:
#   Reduce memory load on the system
#   Increase physical memory or swap space
#   Check if swap backing store is full
#   Use 64 bit Java on a 64 bit OS
#   Decrease Java heap size (-Xmx/-Xms)
#   Decrease number of Java threads
#   Decrease Java thread stack sizes (-Xss)
#   Set larger code cache with -XX:ReservedCodeCacheSize=
# This output file may be truncated or incomplete.
#
#  Out of Memory Error (allocation.cpp:390), pid=6680, tid=0x00000000000027cc
#
# JRE version: OpenJDK Runtime Environment (8.0_152-b02) (build 1.8.0_152-release-1024-b02)
# Java VM: OpenJDK 64-Bit Server VM (25.152-b02 mixed mode windows-amd64 compressed oops)
# Failed to write core dump. Minidumps are not enabled by default on client versions of Windows
#

---------------  T H R E A D  ---------------

Current thread (0x000000001617f000):  JavaThread "C2 CompilerThread0" daemon [_thread_in_native, id=10188, stack(0x00000000177c0000,0x00000000178c0000)]

Stack: [0x00000000177c0000,0x00000000178c0000]
[error occurred during error reporting (printing stack bounds), id 0xc0000005]

Native frames: (J=compiled Java code, j=interpreted, Vv=VM code, C=native code)


Current CompileTask:
C2:  13466 5586       4       sun.reflect.generics.parser.SignatureParser::parseTypeSignature (130 bytes)


---------------  P R O C E S S  ---------------

Java Threads: ( => current thread )
  0x000000001c85a800 JavaThread "Memory manager" [_thread_blocked, id=10272, stack(0x00000000206d0000,0x00000000207d0000)]
  0x000000001c859000 JavaThread "pool-1-thread-1" [_thread_blocked, id=11352, stack(0x000000001ff20000,0x0000000020020000)]
  0x000000001c858800 JavaThread "build operations Thread 4" [_thread_blocked, id=11640, stack(0x000000001fc20000,0x000000001fd20000)]
  0x000000001c85a000 JavaThread "build operations Thread 3" [_thread_blocked, id=2152, stack(0x000000001fb20000,0x000000001fc20000)]
  0x000000001c854000 JavaThread "build operations Thread 2" [_thread_blocked, id=9156, stack(0x000000001fa20000,0x000000001fb20000)]
  0x000000001c856000 JavaThread "build operations" [_thread_blocked, id=1200, stack(0x000000001d0d0000,0x000000001d1d0000)]
  0x000000001c857000 JavaThread "Cache worker for Artifact transforms cache (C:\Users\charles\.gradle\caches\transforms-1)" [_thread_blocked, id=11308, stack(0x000000001cdb0000,0x000000001ceb0000)]
  0x000000001ab98000 JavaThread "Cache worker for file hash cache (C:\Users\charles\Downloads\material-components-flutter-codelabs-101-starter\material-components-flutter-codelabs-101-starter\mdc_100_series\android\.gradle\4.1\fileHashes)" [_thread_blocked, id=5780, stack(0x000000001bce0000,0x000000001bde0000)]
  0x000000001917d800 JavaThread "File lock request listener" [_thread_in_native, id=7956, stack(0x000000001aa10000,0x000000001ab10000)]
  0x0000000018fb9800 JavaThread "Cache worker for file hash cache (C:\Users\charles\.gradle\caches\4.1\fileHashes)" [_thread_blocked, id=8560, stack(0x000000001a910000,0x000000001aa10000)]
  0x00000000192ae800 JavaThread "Stdin handler" [_thread_blocked, id=9800, stack(0x000000001a810000,0x000000001a910000)]
  0x00000000192ad800 JavaThread "Asynchronous log dispatcher for DefaultDaemonConnection: socket connection from /127.0.0.1:58550 to /127.0.0.1:58551" [_thread_blocked, id=9144, stack(0x000000001a710000,0x000000001a810000)]
  0x0000000018f63800 JavaThread "Daemon worker" [_thread_in_native, id=4092, stack(0x000000001a610000,0x000000001a710000)]
  0x00000000192eb000 JavaThread "Cancel handler" [_thread_blocked, id=5776, stack(0x000000001a510000,0x000000001a610000)]
  0x0000000018e52800 JavaThread "Handler for socket connection from /127.0.0.1:58550 to /127.0.0.1:58551" [_thread_in_native, id=9428, stack(0x000000001a210000,0x000000001a310000)]
  0x0000000018e4e800 JavaThread "Daemon" [_thread_blocked, id=5388, stack(0x000000001a110000,0x000000001a210000)]
  0x0000000018e17000 JavaThread "Daemon periodic checks" [_thread_blocked, id=5980, stack(0x000000001a010000,0x000000001a110000)]
  0x0000000018ec2800 JavaThread "Incoming local TCP Connector on port 58550" [_thread_in_native, id=12148, stack(0x0000000019dd0000,0x0000000019ed0000)]
  0x0000000017adb000 JavaThread "Service Thread" daemon [_thread_blocked, id=2184, stack(0x0000000017ec0000,0x0000000017fc0000)]
  0x0000000016189000 JavaThread "C1 CompilerThread2" daemon [_thread_in_native, id=1120, stack(0x00000000179c0000,0x0000000017ac0000)]
  0x0000000016182000 JavaThread "C2 CompilerThread1" daemon [_thread_in_native, id=6872, stack(0x00000000178c0000,0x00000000179c0000)]
=>0x000000001617f000 JavaThread "C2 CompilerThread0" daemon [_thread_in_native, id=10188, stack(0x00000000177c0000,0x00000000178c0000)]
  0x000000001617c800 JavaThread "Attach Listener" daemon [_thread_blocked, id=12024, stack(0x00000000176c0000,0x00000000177c0000)]
  0x000000001617b800 JavaThread "Signal Dispatcher" daemon [_thread_blocked, id=10936, stack(0x00000000175c0000,0x00000000176c0000)]
  0x000000000280c800 JavaThread "Finalizer" daemon [_thread_blocked, id=6844, stack(0x00000000173d0000,0x00000000174d0000)]
  0x0000000002801800 JavaThread "Reference Handler" daemon [_thread_blocked, id=6440, stack(0x00000000172d0000,0x00000000173d0000)]
  0x0000000002712800 JavaThread "main" [_thread_blocked, id=2836, stack(0x0000000002610000,0x0000000002710000)]

Other Threads:
  0x0000000016146800 VMThread [stack: 0x00000000171d0000,0x00000000172d0000] [id=7176]
  0x0000000017adb800 WatcherThread [stack: 0x0000000017fc0000,0x00000000180c0000] [id=1428]

VM state:not at safepoint (normal execution)

VM Mutex/Monitor currently owned by a thread:  ([mutex/lock_event])
[0x00000000027106d0] CompiledIC_lock - owner thread: 0x0000000016189000

Heap:
 PSYoungGen      total 103424K, used 2544K [0x00000000e0000000, 0x00000000e8d00000, 0x0000000100000000)
  eden space 87040K, 2% used [0x00000000e0000000,0x00000000e027c110,0x00000000e5500000)
  from space 16384K, 0% used [0x00000000e7d00000,0x00000000e7d00000,0x00000000e8d00000)
  to   space 13824K, 0% used [0x00000000e5500000,0x00000000e5500000,0x00000000e6280000)
 ParOldGen       total 102400K, used 29649K [0x00000000a0000000, 0x00000000a6400000, 0x00000000e0000000)
  object space 102400K, 28% used [0x00000000a0000000,0x00000000a1cf4710,0x00000000a6400000)
 Metaspace       used 48406K, capacity 50016K, committed 50264K, reserved 1093632K
  class space    used 6543K, capacity 6990K, committed 7040K, reserved 1048576K

Card table byte_map: [0x0000000011bd0000,0x0000000011ee0000] byte_map_base: 0x00000000116d0000

Marking Bits: (ParMarkBitMap*) 0x0000000068a84970
 Begin Bits: [0x00000000124e0000, 0x0000000013ce0000)
 End Bits:   [0x0000000013ce0000, 0x00000000154e0000)

Polling page: 0x0000000000940000

CodeCache: size=245760Kb used=17198Kb max_used=17779Kb free=228561Kb
 bounds [0x0000000002810000, 0x0000000003980000, 0x0000000011810000]
 total_blobs=5796 nmethods=5055 adapters=653
 compilation: enabled

Compilation events (10 events):
Event: 13.289 Thread 0x0000000016189000 nmethod 5583 0x0000000003967f90 code [0x0000000003968120, 0x0000000003968558]
Event: 13.289 Thread 0x0000000016189000 5584       3       sun.reflect.ClassFileAssembler::<init> (8 bytes)
Event: 13.289 Thread 0x000000001617f000 5586       4       sun.reflect.generics.parser.SignatureParser::parseTypeSignature (130 bytes)
Event: 13.289 Thread 0x0000000016189000 nmethod 5584 0x0000000003967710 code [0x00000000039678a0, 0x0000000003967d50]
Event: 13.289 Thread 0x0000000016189000 5585       3       sun.reflect.ClassFileAssembler::append (9 bytes)
Event: 13.290 Thread 0x0000000016189000 nmethod 5585 0x0000000003966b50 code [0x0000000003966d00, 0x0000000003967258]
Event: 13.290 Thread 0x0000000016189000 5587       3       sun.misc.ProxyGenerator$ProxyMethod::generateMethod (733 bytes)
Event: 13.463 Thread 0x0000000016189000 nmethod 5587 0x0000000003969110 code [0x0000000003969f40, 0x0000000003974068]
Event: 13.464 Thread 0x0000000016189000 5593       3       java.util.zip.ZStreamRef::clear (6 bytes)
Event: 13.464 Thread 0x0000000016189000 nmethod 5593 0x000000000297d310 code [0x000000000297d460, 0x000000000297d5d0]

GC Heap History (10 events):
Event: 8.677 GC heap before
{Heap before GC invocations=11 (full 2):
 PSYoungGen      total 79872K, used 69120K [0x00000000e0000000, 0x00000000e5b80000, 0x0000000100000000)
  eden space 69120K, 100% used [0x00000000e0000000,0x00000000e4380000,0x00000000e4380000)
  from space 10752K, 0% used [0x00000000e5100000,0x00000000e5100000,0x00000000e5b80000)
  to   space 12288K, 0% used [0x00000000e4380000,0x00000000e4380000,0x00000000e4f80000)
 ParOldGen       total 102400K, used 16406K [0x00000000a0000000, 0x00000000a6400000, 0x00000000e0000000)
  object space 102400K, 16% used [0x00000000a0000000,0x00000000a10059e8,0x00000000a6400000)
 Metaspace       used 38254K, capacity 38884K, committed 39128K, reserved 1083392K
  class space    used 5167K, capacity 5363K, committed 5376K, reserved 1048576K
Event: 8.689 GC heap after
Heap after GC invocations=11 (full 2):
 PSYoungGen      total 81408K, used 8135K [0x00000000e0000000, 0x00000000e6e80000, 0x0000000100000000)
  eden space 69120K, 0% used [0x00000000e0000000,0x00000000e0000000,0x00000000e4380000)
  from space 12288K, 66% used [0x00000000e4380000,0x00000000e4b71c40,0x00000000e4f80000)
  to   space 12288K, 0% used [0x00000000e6280000,0x00000000e6280000,0x00000000e6e80000)
 ParOldGen       total 102400K, used 16414K [0x00000000a0000000, 0x00000000a6400000, 0x00000000e0000000)
  object space 102400K, 16% used [0x00000000a0000000,0x00000000a10079e8,0x00000000a6400000)
 Metaspace       used 38254K, capacity 38884K, committed 39128K, reserved 1083392K
  class space    used 5167K, capacity 5363K, committed 5376K, reserved 1048576K
}
Event: 10.123 GC heap before
{Heap before GC invocations=12 (full 2):
 PSYoungGen      total 81408K, used 77255K [0x00000000e0000000, 0x00000000e6e80000, 0x0000000100000000)
  eden space 69120K, 100% used [0x00000000e0000000,0x00000000e4380000,0x00000000e4380000)
  from space 12288K, 66% used [0x00000000e4380000,0x00000000e4b71c40,0x00000000e4f80000)
  to   space 12288K, 0% used [0x00000000e6280000,0x00000000e6280000,0x00000000e6e80000)
 ParOldGen       total 102400K, used 16414K [0x00000000a0000000, 0x00000000a6400000, 0x00000000e0000000)
  object space 102400K, 16% used [0x00000000a0000000,0x00000000a10079e8,0x00000000a6400000)
 Metaspace       used 40267K, capacity 41340K, committed 41432K, reserved 1085440K
  class space    used 5521K, capacity 5884K, committed 5888K, reserved 1048576K
Event: 10.141 GC heap after
Heap after GC invocations=12 (full 2):
 PSYoungGen      total 99328K, used 12284K [0x00000000e0000000, 0x00000000e7280000, 0x0000000100000000)
  eden space 87040K, 0% used [0x00000000e0000000,0x00000000e0000000,0x00000000e5500000)
  from space 12288K, 99% used [0x00000000e6280000,0x00000000e6e7f3e8,0x00000000e6e80000)
  to   space 13824K, 0% used [0x00000000e5500000,0x00000000e5500000,0x00000000e6280000)
 ParOldGen       total 102400K, used 16810K [0x00000000a0000000, 0x00000000a6400000, 0x00000000e0000000)
  object space 102400K, 16% used [0x00000000a0000000,0x00000000a106a950,0x00000000a6400000)
 Metaspace       used 40267K, capacity 41340K, committed 41432K, reserved 1085440K
  class space    used 5521K, capacity 5884K, committed 5888K, reserved 1048576K
}
Event: 11.778 GC heap before
{Heap before GC invocations=13 (full 2):
 PSYoungGen      total 99328K, used 99324K [0x00000000e0000000, 0x00000000e7280000, 0x0000000100000000)
  eden space 87040K, 100% used [0x00000000e0000000,0x00000000e5500000,0x00000000e5500000)
  from space 12288K, 99% used [0x00000000e6280000,0x00000000e6e7f3e8,0x00000000e6e80000)
  to   space 13824K, 0% used [0x00000000e5500000,0x00000000e5500000,0x00000000e6280000)
 ParOldGen       total 102400K, used 16810K [0x00000000a0000000, 0x00000000a6400000, 0x00000000e0000000)
  object space 102400K, 16% used [0x00000000a0000000,0x00000000a106a950,0x00000000a6400000)
 Metaspace       used 45832K, capacity 46960K, committed 47064K, reserved 1089536K
  class space    used 6191K, capacity 6568K, committed 6656K, reserved 1048576K
Event: 11.791 GC heap after
Heap after GC invocations=13 (full 2):
 PSYoungGen      total 100864K, used 13817K [0x00000000e0000000, 0x00000000e8d00000, 0x0000000100000000)
  eden space 87040K, 0% used [0x00000000e0000000,0x00000000e0000000,0x00000000e5500000)
  from space 13824K, 99% used [0x00000000e5500000,0x00000000e627e7d8,0x00000000e6280000)
  to   space 16384K, 0% used [0x00000000e7d00000,0x00000000e7d00000,0x00000000e8d00000)
 ParOldGen       total 102400K, used 19289K [0x00000000a0000000, 0x00000000a6400000, 0x00000000e0000000)
  object space 102400K, 18% used [0x00000000a0000000,0x00000000a12d64e8,0x00000000a6400000)
 Metaspace       used 45832K, capacity 46960K, committed 47064K, reserved 1089536K
  class space    used 6191K, capacity 6568K, committed 6656K, reserved 1048576K
}
Event: 13.293 GC heap before
{Heap before GC invocations=14 (full 2):
 PSYoungGen      total 100864K, used 70241K [0x00000000e0000000, 0x00000000e8d00000, 0x0000000100000000)
  eden space 87040K, 64% used [0x00000000e0000000,0x00000000e3719ce0,0x00000000e5500000)
  from space 13824K, 99% used [0x00000000e5500000,0x00000000e627e7d8,0x00000000e6280000)
  to   space 16384K, 0% used [0x00000000e7d00000,0x00000000e7d00000,0x00000000e8d00000)
 ParOldGen       total 102400K, used 19289K [0x00000000a0000000, 0x00000000a6400000, 0x00000000e0000000)
  object space 102400K, 18% used [0x00000000a0000000,0x00000000a12d64e8,0x00000000a6400000)
 Metaspace       used 48400K, capacity 49950K, committed 50008K, reserved 1095680K
  class space    used 6540K, capacity 6989K, committed 7040K, reserved 1048576K
Event: 13.307 GC heap after
Heap after GC invocations=14 (full 2):
 PSYoungGen      total 103424K, used 16363K [0x00000000e0000000, 0x00000000e8d00000, 0x0000000100000000)
  eden space 87040K, 0% used [0x00000000e0000000,0x00000000e0000000,0x00000000e5500000)
  from space 16384K, 99% used [0x00000000e7d00000,0x00000000e8cfad90,0x00000000e8d00000)
  to   space 13824K, 0% used [0x00000000e5500000,0x00000000e5500000,0x00000000e6280000)
 ParOldGen       total 102400K, used 20076K [0x00000000a0000000, 0x00000000a6400000, 0x00000000e0000000)
  object space 102400K, 19% used [0x00000000a0000000,0x00000000a139b130,0x00000000a6400000)
 Metaspace       used 48400K, capacity 49950K, committed 50008K, reserved 1095680K
  class space    used 6540K, capacity 6989K, committed 7040K, reserved 1048576K
}
Event: 13.307 GC heap before
{Heap before GC invocations=15 (full 3):
 PSYoungGen      total 103424K, used 16363K [0x00000000e0000000, 0x00000000e8d00000, 0x0000000100000000)
  eden space 87040K, 0% used [0x00000000e0000000,0x00000000e0000000,0x00000000e5500000)
  from space 16384K, 99% used [0x00000000e7d00000,0x00000000e8cfad90,0x00000000e8d00000)
  to   space 13824K, 0% used [0x00000000e5500000,0x00000000e5500000,0x00000000e6280000)
 ParOldGen       total 102400K, used 20076K [0x00000000a0000000, 0x00000000a6400000, 0x00000000e0000000)
  object space 102400K, 19% used [0x00000000a0000000,0x00000000a139b130,0x00000000a6400000)
 Metaspace       used 48400K, capacity 49950K, committed 50008K, reserved 1095680K
  class space    used 6540K, capacity 6989K, committed 7040K, reserved 1048576K
Event: 13.456 GC heap after
Heap after GC invocations=15 (full 3):
 PSYoungGen      total 103424K, used 0K [0x00000000e0000000, 0x00000000e8d00000, 0x0000000100000000)
  eden space 87040K, 0% used [0x00000000e0000000,0x00000000e0000000,0x00000000e5500000)
  from space 16384K, 0% used [0x00000000e7d00000,0x00000000e7d00000,0x00000000e8d00000)
  to   space 13824K, 0% used [0x00000000e5500000,0x00000000e5500000,0x00000000e6280000)
 ParOldGen       total 102400K, used 29649K [0x00000000a0000000, 0x00000000a6400000, 0x00000000e0000000)
  object space 102400K, 28% used [0x00000000a0000000,0x00000000a1cf4710,0x00000000a6400000)
 Metaspace       used 48400K, capacity 49950K, committed 50008K, reserved 1093632K
  class space    used 6540K, capacity 6989K, committed 7040K, reserved 1048576K
}

Deoptimization events (10 events):
Event: 11.405 Thread 0x0000000018f63800 Uncommon trap: reason=unstable_if action=reinterpret pc=0x000000000361b494 method=com.sun.org.apache.xerces.internal.impl.XMLEntityScanner.scanContent(Lcom/sun/org/apache/xerces/internal/xni/XMLString;)I @ 418
Event: 11.406 Thread 0x0000000018f63800 Uncommon trap: reason=unstable_if action=reinterpret pc=0x00000000035d4944 method=java.util.regex.Pattern$NotBehind.match(Ljava/util/regex/Matcher;ILjava/lang/CharSequence;)Z @ 128
Event: 11.552 Thread 0x0000000018f63800 Uncommon trap: reason=unstable_if action=reinterpret pc=0x000000000363383c method=com.sun.org.apache.xerces.internal.impl.io.UTF8Reader.read([CII)I @ 131
Event: 11.552 Thread 0x0000000018f63800 Uncommon trap: reason=unstable_if action=reinterpret pc=0x000000000362bc28 method=com.sun.org.apache.xerces.internal.impl.io.UTF8Reader.read([CII)I @ 131
Event: 11.553 Thread 0x0000000018f63800 Uncommon trap: reason=unstable_if action=reinterpret pc=0x00000000035e568c method=java.util.regex.Pattern$BitClass.isSatisfiedBy(I)Z @ 4
Event: 11.553 Thread 0x0000000018f63800 Uncommon trap: reason=unstable_if action=reinterpret pc=0x00000000035c864c method=java.util.regex.Pattern$Ctype.isSatisfiedBy(I)Z @ 4
Event: 11.559 Thread 0x0000000018f63800 Uncommon trap: reason=unstable_if action=reinterpret pc=0x00000000035c8338 method=java.util.regex.Pattern$BitClass.isSatisfiedBy(I)Z @ 4
Event: 11.974 Thread 0x0000000018f63800 Uncommon trap: reason=unstable_if action=reinterpret pc=0x0000000003895898 method=java.util.regex.Pattern.compile()V @ 320
Event: 13.118 Thread 0x0000000018f63800 Uncommon trap: reason=unstable_if action=reinterpret pc=0x000000000305dd88 method=org.objectweb.asm.ByteVector.putUTF8(Ljava/lang/String;)Lorg/objectweb/asm/ByteVector; @ 91
Event: 13.174 Thread 0x0000000018f63800 Uncommon trap: reason=unstable_if action=reinterpret pc=0x0000000002fec0b4 method=java.lang.String.lastIndexOf([CII[CIII)I @ 118

Classes redefined (0 events):
No events

Internal exceptions (10 events):
Event: 11.694 Thread 0x0000000018f63800 Exception <a 'sun/nio/fs/WindowsException'> (0x00000000e40a7630) thrown at [D:\src\AOSP-openjdk-cygwin\jdk8u\hotspot\src\share\vm\prims\jni.cpp, line 709]
Event: 11.694 Thread 0x0000000018f63800 Exception <a 'sun/nio/fs/WindowsException'> (0x00000000e40a88e8) thrown at [D:\src\AOSP-openjdk-cygwin\jdk8u\hotspot\src\share\vm\prims\jni.cpp, line 709]
Event: 11.694 Thread 0x0000000018f63800 Exception <a 'sun/nio/fs/WindowsException'> (0x00000000e40acaf0) thrown at [D:\src\AOSP-openjdk-cygwin\jdk8u\hotspot\src\share\vm\prims\jni.cpp, line 709]
Event: 11.694 Thread 0x0000000018f63800 Exception <a 'sun/nio/fs/WindowsException'> (0x00000000e40add98) thrown at [D:\src\AOSP-openjdk-cygwin\jdk8u\hotspot\src\share\vm\prims\jni.cpp, line 709]
Event: 11.694 Thread 0x0000000018f63800 Exception <a 'sun/nio/fs/WindowsException'> (0x00000000e40b0bf0) thrown at [D:\src\AOSP-openjdk-cygwin\jdk8u\hotspot\src\share\vm\prims\jni.cpp, line 709]
Event: 11.694 Thread 0x0000000018f63800 Exception <a 'sun/nio/fs/WindowsException'> (0x00000000e40b1ed0) thrown at [D:\src\AOSP-openjdk-cygwin\jdk8u\hotspot\src\share\vm\prims\jni.cpp, line 709]
Event: 11.956 Thread 0x0000000018f63800 Exception <a 'java/lang/NoSuchMethodError': java.lang.Object.lambda$comparing$77a9974f$1(Ljava/util/function/Function;Ljava/lang/Object;Ljava/lang/Object;)I> (0x00000000e1ed9548) thrown at [D:\src\AOSP-openjdk-cygwin\jdk8u\hotspot\src\share\vm\interpreter
Event: 11.956 Thread 0x0000000018f63800 Exception <a 'java/lang/NoSuchMethodError': java.lang.Object.lambda$thenComparing$36697e65$1(Ljava/util/Comparator;Ljava/lang/Object;Ljava/lang/Object;)I> (0x00000000e1ee5180) thrown at [D:\src\AOSP-openjdk-cygwin\jdk8u\hotspot\src\share\vm\interpreter\li
Event: 11.980 Thread 0x0000000018f63800 Exception <a 'java/lang/NoSuchMethodError': java.lang.Object.lambda$maxBy$1(Ljava/util/Comparator;Ljava/lang/Object;Ljava/lang/Object;)Ljava/lang/Object;> (0x00000000e205d668) thrown at [D:\src\AOSP-openjdk-cygwin\jdk8u\hotspot\src\share\vm\interpreter\li
Event: 12.893 Thread 0x0000000018f63800 Exception <a 'sun/nio/fs/WindowsException'> (0x00000000e2234b00) thrown at [D:\src\AOSP-openjdk-cygwin\jdk8u\hotspot\src\share\vm\prims\jni.cpp, line 709]

Events (10 events):
Event: 13.464 Thread 0x0000000016189000 flushing nmethod 0x00000000029a1a10
Event: 13.464 Thread 0x0000000016189000 flushing nmethod 0x00000000029a3ad0
Event: 13.464 Thread 0x0000000016189000 flushing nmethod 0x00000000029a92d0
Event: 13.464 Thread 0x0000000016189000 flushing nmethod 0x00000000029af550
Event: 13.464 Thread 0x0000000016189000 flushing nmethod 0x00000000029b0b50
Event: 13.464 Thread 0x0000000016189000 flushing nmethod 0x00000000029b3010
Event: 13.464 Thread 0x0000000016189000 flushing nmethod 0x00000000029b36d0
Event: 13.464 Thread 0x0000000016189000 flushing nmethod 0x00000000029c8cd0
Event: 13.464 Thread 0x0000000016189000 flushing nmethod 0x00000000029cd4d0
Event: 13.464 Thread 0x0000000016189000 flushing nmethod 0x00000000029d9e90


Dynamic libraries:
0x00007ff7afd90000 - 0x00007ff7afdc1000 	C:\Program Files\Android\Android Studio\jre\bin\java.exe
0x00007ffb94780000 - 0x00007ffb94961000 	C:\WINDOWS\SYSTEM32\ntdll.dll
0x00007ffb921c0000 - 0x00007ffb92272000 	C:\WINDOWS\System32\KERNEL32.DLL
0x00007ffb90e10000 - 0x00007ffb91083000 	C:\WINDOWS\System32\KERNELBASE.dll
0x00007ffb91e70000 - 0x00007ffb91f11000 	C:\WINDOWS\System32\ADVAPI32.dll
0x00007ffb927d0000 - 0x00007ffb9286e000 	C:\WINDOWS\System32\msvcrt.dll
0x00007ffb91d40000 - 0x00007ffb91d9b000 	C:\WINDOWS\System32\sechost.dll
0x00007ffb91c10000 - 0x00007ffb91d34000 	C:\WINDOWS\System32\RPCRT4.dll
0x00007ffb92620000 - 0x00007ffb927b0000 	C:\WINDOWS\System32\USER32.dll
0x00007ffb91bf0000 - 0x00007ffb91c10000 	C:\WINDOWS\System32\win32u.dll
0x00007ffb92190000 - 0x00007ffb921b8000 	C:\WINDOWS\System32\GDI32.dll
0x00007ffb912a0000 - 0x00007ffb91432000 	C:\WINDOWS\System32\gdi32full.dll
0x00007ffb91440000 - 0x00007ffb914df000 	C:\WINDOWS\System32\msvcp_win.dll
0x00007ffb91090000 - 0x00007ffb9118a000 	C:\WINDOWS\System32\ucrtbase.dll
0x00007ffb87150000 - 0x00007ffb873b9000 	C:\WINDOWS\WinSxS\amd64_microsoft.windows.common-controls_6595b64144ccf1df_6.0.17134.285_none_fb4297e330656775\COMCTL32.dll
0x00007ffb92cc0000 - 0x00007ffb92fe3000 	C:\WINDOWS\System32\combase.dll
0x00007ffb90b50000 - 0x00007ffb90bca000 	C:\WINDOWS\System32\bcryptPrimitives.dll
0x00007ffb94720000 - 0x00007ffb9474d000 	C:\WINDOWS\System32\IMM32.DLL
0x0000000066300000 - 0x00000000663d2000 	C:\Program Files\Android\Android Studio\jre\jre\bin\msvcr100.dll
0x00000000682c0000 - 0x0000000068aff000 	C:\Program Files\Android\Android Studio\jre\jre\bin\server\jvm.dll
0x00007ffb91f20000 - 0x00007ffb91f28000 	C:\WINDOWS\System32\PSAPI.DLL
0x00007ffb659b0000 - 0x00007ffb659b9000 	C:\WINDOWS\SYSTEM32\WSOCK32.dll
0x00007ffb8e940000 - 0x00007ffb8e963000 	C:\WINDOWS\SYSTEM32\WINMM.dll
0x00007ffb91e00000 - 0x00007ffb91e6c000 	C:\WINDOWS\System32\WS2_32.dll
0x00007ffb8e5d0000 - 0x00007ffb8e5fa000 	C:\WINDOWS\SYSTEM32\WINMMBASE.dll
0x00007ffb8ba50000 - 0x00007ffb8ba5a000 	C:\WINDOWS\SYSTEM32\VERSION.dll
0x00007ffb90bd0000 - 0x00007ffb90c19000 	C:\WINDOWS\System32\cfgmgr32.dll
0x00007ffb71ed0000 - 0x00007ffb71edf000 	C:\Program Files\Android\Android Studio\jre\jre\bin\verify.dll
0x00007ffb71ea0000 - 0x00007ffb71ec9000 	C:\Program Files\Android\Android Studio\jre\jre\bin\java.dll
0x00007ffb719f0000 - 0x00007ffb71a06000 	C:\Program Files\Android\Android Studio\jre\jre\bin\zip.dll
0x00007ffb93140000 - 0x00007ffb94580000 	C:\WINDOWS\System32\SHELL32.dll
0x00007ffb92010000 - 0x00007ffb920b9000 	C:\WINDOWS\System32\shcore.dll
0x00007ffb914e0000 - 0x00007ffb91bed000 	C:\WINDOWS\System32\windows.storage.dll
0x00007ffb91da0000 - 0x00007ffb91df1000 	C:\WINDOWS\System32\shlwapi.dll
0x00007ffb90b10000 - 0x00007ffb90b21000 	C:\WINDOWS\System32\kernel.appcore.dll
0x00007ffb90a90000 - 0x00007ffb90aaf000 	C:\WINDOWS\System32\profapi.dll
0x00007ffb90ab0000 - 0x00007ffb90afc000 	C:\WINDOWS\System32\powrprof.dll
0x00007ffb90b00000 - 0x00007ffb90b0a000 	C:\WINDOWS\System32\FLTLIB.DLL
0x00007ffb6dae0000 - 0x00007ffb6dafa000 	C:\Program Files\Android\Android Studio\jre\jre\bin\net.dll
0x00007ffb90310000 - 0x00007ffb90376000 	C:\WINDOWS\system32\mswsock.dll
0x00007ffb6ed30000 - 0x00007ffb6ed41000 	C:\Program Files\Android\Android Studio\jre\jre\bin\nio.dll
0x00007ffb7c9d0000 - 0x00007ffb7c9ee000 	C:\Users\charles\.gradle\native\25\windows-amd64\native-platform.dll
0x00007ffb6dcb0000 - 0x00007ffb6dcbd000 	C:\Program Files\Android\Android Studio\jre\jre\bin\management.dll
0x00007ffb904c0000 - 0x00007ffb904d7000 	C:\WINDOWS\SYSTEM32\CRYPTSP.dll
0x00007ffb8fef0000 - 0x00007ffb8ff23000 	C:\WINDOWS\system32\rsaenh.dll
0x00007ffb905f0000 - 0x00007ffb90615000 	C:\WINDOWS\SYSTEM32\bcrypt.dll
0x00007ffb909c0000 - 0x00007ffb909e8000 	C:\WINDOWS\SYSTEM32\USERENV.dll
0x00007ffb904e0000 - 0x00007ffb904eb000 	C:\WINDOWS\SYSTEM32\CRYPTBASE.dll
0x00007ffb90090000 - 0x00007ffb900c8000 	C:\WINDOWS\SYSTEM32\IPHLPAPI.DLL
0x00007ffb92280000 - 0x00007ffb92288000 	C:\WINDOWS\System32\NSI.dll
0x00007ffb89550000 - 0x00007ffb89566000 	C:\WINDOWS\SYSTEM32\dhcpcsvc6.DLL
0x00007ffb89530000 - 0x00007ffb8954a000 	C:\WINDOWS\SYSTEM32\dhcpcsvc.DLL

VM Arguments:
jvm_args: -Xmx1536M -Dfile.encoding=windows-1252 -Duser.country=US -Duser.language=en -Duser.variant 
java_command: org.gradle.launcher.daemon.bootstrap.GradleDaemon 4.1
java_class_path (initial): C:\Users\charles\.gradle\wrapper\dists\gradle-4.1-all\bzyivzo6n839fup2jbap0tjew\gradle-4.1\lib\gradle-launcher-4.1.jar
Launcher Type: SUN_STANDARD

Environment Variables:
JAVA_HOME=C:\Program Files\Android\Android Studio\jre
CLASSPATH=C:\Users\charles\Downloads\material-components-flutter-codelabs-101-starter\material-components-flutter-codelabs-101-starter\mdc_100_series\android\\gradle\wrapper\gradle-wrapper.jar
PATH=C:\Program Files (x86)\Common Files\Oracle\Java\javapath;C:\ProgramData\Anaconda3;C:\ProgramData\Anaconda3\Library\mingw-w64\bin;C:\ProgramData\Anaconda3\Library\usr\bin;C:\ProgramData\Anaconda3\Library\bin;C:\ProgramData\Anaconda3\Scripts;C:\WINDOWS\system32;C:\WINDOWS;C:\WINDOWS\System32\Wbem;C:\WINDOWS\System32\WindowsPowerShell\v1.0\;C:\Program Files\Git\cmd;C:\WINDOWS\System32\OpenSSH\;C:\Program Files (x86)\AMD\ATI.ACE\Core-Static;C:\sqlite;C:\Program Files (x86)\Microsoft SQL Server\Client SDK\ODBC\130\Tools\Binn\;C:\Program Files (x86)\Microsoft SQL Server\140\Tools\Binn\;C:\Program Files (x86)\Microsoft SQL Server\140\DTS\Binn\;C:\Program Files (x86)\Microsoft SQL Server\140\Tools\Binn\ManagementStudio\;C:\Program Files\Microsoft VS Code\bin;C:\src\flutter\bin;C:\src\flutter\bin\mingit\cmd
USERNAME=charles
OS=Windows_NT
PROCESSOR_IDENTIFIER=Intel64 Family 6 Model 94 Stepping 3, GenuineIntel



---------------  S Y S T E M  ---------------

OS: Windows 10.0 , 64 bit Build 17134 (10.0.17134.1)

CPU:total 4 (initial active 4) (4 cores per cpu, 1 threads per core) family 6 model 94 stepping 3, cmov, cx8, fxsr, mmx, sse, sse2, sse3, ssse3, sse4.1, sse4.2, popcnt, avx, avx2, aes, clmul, erms, rtm, 3dnowpref, lzcnt, tsc, tscinvbit, bmi1, bmi2, adx

Memory: 4k page, physical 8328340k(1445728k free), swap 10294420k(4640k free)

vm_info: OpenJDK 64-Bit Server VM (25.152-b02) for windows-amd64 JRE (1.8.0_152-release-1024-b02), built by "builder" with MS VC++ 10.0 (VS2010)

time: Sat Sep 15 17:21:43 2018
elapsed time: 13 seconds (0d 0h 0m 13s)

