#
# There is insufficient memory for the Java Runtime Environment to continue.
# Native memory allocation (malloc) failed to allocate 405216 bytes for Chunk::new
# Possible reasons:
#   The system is out of physical RAM or swap space
#   In 32 bit mode, the process size limit was hit
# Possible solutions:
#   Reduce memory load on the system
#   Increase physical memory or swap space
#   Check if swap backing store is full
#   Use 64 bit Java on a 64 bit OS
#   Decrease Java heap size (-Xmx/-Xms)
#   Decrease number of Java threads
#   Decrease Java thread stack sizes (-Xss)
#   Set larger code cache with -XX:ReservedCodeCacheSize=
# This output file may be truncated or incomplete.
#
#  Out of Memory Error (allocation.cpp:390), pid=7448, tid=0x0000000000001558
#
# JRE version: OpenJDK Runtime Environment (8.0_152-b02) (build 1.8.0_152-release-1024-b02)
# Java VM: OpenJDK 64-Bit Server VM (25.152-b02 mixed mode windows-amd64 compressed oops)
# Failed to write core dump. Minidumps are not enabled by default on client versions of Windows
#

---------------  T H R E A D  ---------------

Current thread (0x000000001664f800):  JavaThread "C2 CompilerThread0" daemon [_thread_in_native, id=5464, stack(0x0000000017c90000,0x0000000017d90000)]

Stack: [0x0000000017c90000,0x0000000017d90000]
[error occurred during error reporting (printing stack bounds), id 0xc0000005]

Native frames: (J=compiled Java code, j=interpreted, Vv=VM code, C=native code)


Current CompileTask:
C2: 215832 12823       4       org.gradle.cache.internal.btree.FreeListBlockStore::read (12 bytes)


---------------  P R O C E S S  ---------------

Java Threads: ( => current thread )
  0x000000001e5ce000 JavaThread "build operations Thread 4" [_thread_blocked, id=9144, stack(0x0000000029bd0000,0x0000000029cd0000)]
  0x000000001e5d2000 JavaThread "build operations Thread 3" [_thread_blocked, id=4496, stack(0x0000000029ad0000,0x0000000029bd0000)]
  0x000000001e5d0800 JavaThread "build operations Thread 2" [_thread_blocked, id=5388, stack(0x00000000299d0000,0x0000000029ad0000)]
  0x000000001e5c5000 JavaThread "build operations" [_thread_in_Java, id=4068, stack(0x00000000298d0000,0x00000000299d0000)]
  0x000000001e5cb000 JavaThread "Cache worker for Artifact transforms cache (C:\Users\charles\.gradle\caches\transforms-1)" [_thread_blocked, id=10376, stack(0x00000000297d0000,0x00000000298d0000)]
  0x000000001e5c9000 JavaThread "Cache worker for file hash cache (C:\Users\charles\Downloads\material-components-flutter-codelabs-101-starter\material-components-flutter-codelabs-101-starter\mdc_100_series\android\.gradle\4.1\fileHashes)" [_thread_blocked, id=4092, stack(0x00000000296d0000,0x00000000297d0000)]
  0x000000001e5c7800 JavaThread "Stdin handler" [_thread_blocked, id=6852, stack(0x00000000295d0000,0x00000000296d0000)]
  0x000000001e5ca800 JavaThread "Asynchronous log dispatcher for DefaultDaemonConnection: socket connection from /127.0.0.1:58046 to /127.0.0.1:58309" [_thread_blocked, id=5980, stack(0x00000000294d0000,0x00000000295d0000)]
  0x000000001e5c6800 JavaThread "Cancel handler" [_thread_blocked, id=7096, stack(0x00000000293d0000,0x00000000294d0000)]
  0x000000001e5c9800 JavaThread "Handler for socket connection from /127.0.0.1:58046 to /127.0.0.1:58309" [_thread_in_native, id=5000, stack(0x00000000292d0000,0x00000000293d0000)]
  0x000000001bde6000 JavaThread "Daemon worker Thread 2" [_thread_blocked, id=9928, stack(0x00000000285d0000,0x00000000286d0000)]
  0x000000001bde3800 JavaThread "Daemon Thread 2" [_thread_blocked, id=4988, stack(0x00000000282d0000,0x00000000283d0000)]
  0x000000001bde4800 JavaThread "Java2D Disposer" daemon [_thread_blocked, id=6352, stack(0x00000000255d0000,0x00000000256d0000)]
  0x0000000019762000 JavaThread "Memory manager" [_thread_blocked, id=10572, stack(0x000000001ffb0000,0x00000000200b0000)]
  0x0000000019761800 JavaThread "pool-1-thread-1" [_thread_blocked, id=10112, stack(0x000000001fcb0000,0x000000001fdb0000)]
  0x000000001897f000 JavaThread "File lock request listener" [_thread_in_native, id=9428, stack(0x000000001aee0000,0x000000001afe0000)]
  0x000000001965d800 JavaThread "Cache worker for file hash cache (C:\Users\charles\.gradle\caches\4.1\fileHashes)" [_thread_blocked, id=5776, stack(0x000000001ade0000,0x000000001aee0000)]
  0x0000000019357000 JavaThread "Daemon periodic checks" [_thread_blocked, id=9284, stack(0x000000001a4e0000,0x000000001a5e0000)]
  0x000000001932a000 JavaThread "Incoming local TCP Connector on port 58046" [_thread_in_native, id=920, stack(0x000000001a2a0000,0x000000001a3a0000)]
  0x0000000017fbb000 JavaThread "Service Thread" daemon [_thread_blocked, id=4944, stack(0x0000000018390000,0x0000000018490000)]
  0x0000000016655800 JavaThread "C1 CompilerThread2" daemon [_thread_in_vm, id=9476, stack(0x0000000017e90000,0x0000000017f90000)]
  0x0000000016652800 JavaThread "C2 CompilerThread1" daemon [_thread_in_native, id=12032, stack(0x0000000017d90000,0x0000000017e90000)]
=>0x000000001664f800 JavaThread "C2 CompilerThread0" daemon [_thread_in_native, id=5464, stack(0x0000000017c90000,0x0000000017d90000)]
  0x000000001664d800 JavaThread "Attach Listener" daemon [_thread_blocked, id=11048, stack(0x0000000017b90000,0x0000000017c90000)]
  0x0000000002cde000 JavaThread "Signal Dispatcher" daemon [_thread_blocked, id=11404, stack(0x0000000017a90000,0x0000000017b90000)]
  0x000000001663e000 JavaThread "Finalizer" daemon [_thread_blocked, id=6996, stack(0x00000000178a0000,0x00000000179a0000)]
  0x0000000002cd2800 JavaThread "Reference Handler" daemon [_thread_blocked, id=10524, stack(0x00000000177a0000,0x00000000178a0000)]
  0x0000000002be2800 JavaThread "main" [_thread_blocked, id=12148, stack(0x0000000002ae0000,0x0000000002be0000)]

Other Threads:
  0x0000000016617000 VMThread [stack: 0x00000000176a0000,0x00000000177a0000] [id=10408]
  0x00000000166ad800 WatcherThread [stack: 0x0000000018490000,0x0000000018590000] [id=2004]

VM state:not at safepoint (normal execution)

VM Mutex/Monitor currently owned by a thread: None

Heap:
 PSYoungGen      total 102400K, used 57397K [0x00000000e0000000, 0x00000000e7880000, 0x0000000100000000)
  eden space 84992K, 67% used [0x00000000e0000000,0x00000000e37b5570,0x00000000e5300000)
  from space 17408K, 2% used [0x00000000e5300000,0x00000000e5358000,0x00000000e6400000)
  to   space 17920K, 0% used [0x00000000e6700000,0x00000000e6700000,0x00000000e7880000)
 ParOldGen       total 314880K, used 194424K [0x00000000a0000000, 0x00000000b3380000, 0x00000000e0000000)
  object space 314880K, 61% used [0x00000000a0000000,0x00000000abdde2b8,0x00000000b3380000)
 Metaspace       used 75874K, capacity 78892K, committed 78996K, reserved 1118208K
  class space    used 9709K, capacity 10414K, committed 10428K, reserved 1048576K

Card table byte_map: [0x00000000120a0000,0x00000000123b0000] byte_map_base: 0x0000000011ba0000

Marking Bits: (ParMarkBitMap*) 0x0000000068a84970
 Begin Bits: [0x00000000129b0000, 0x00000000141b0000)
 End Bits:   [0x00000000141b0000, 0x00000000159b0000)

Polling page: 0x0000000000c90000

CodeCache: size=245760Kb used=35353Kb max_used=35357Kb free=210406Kb
 bounds [0x0000000002ce0000, 0x0000000004fa0000, 0x0000000011ce0000]
 total_blobs=11868 nmethods=10940 adapters=840
 compilation: enabled

Compilation events (10 events):
Event: 215.765 Thread 0x0000000016655800 12848       3       org.gradle.internal.component.external.model.DefaultModuleComponentArtifactMetadata::<init> (14 bytes)
Event: 215.765 Thread 0x0000000016655800 nmethod 12848 0x0000000004f81b50 code [0x0000000004f81cc0, 0x0000000004f82010]
Event: 215.765 Thread 0x0000000016655800 12849       3       org.gradle.internal.component.external.model.DefaultModuleComponentArtifactIdentifier::<init> (15 bytes)
Event: 215.765 Thread 0x0000000016655800 nmethod 12849 0x0000000004f82190 code [0x0000000004f822e0, 0x0000000004f824b0]
Event: 215.765 Thread 0x0000000016655800 12850       3       org.gradle.internal.component.external.model.DefaultModuleComponentArtifactMetadata::<init> (13 bytes)
Event: 215.765 Thread 0x0000000016655800 nmethod 12850 0x0000000004f82550 code [0x0000000004f826c0, 0x0000000004f82970]
Event: 215.765 Thread 0x0000000016655800 12851       3       org.gradle.api.internal.artifacts.ivyservice.ivyresolve.BaseModuleComponentRepositoryAccess::resolveArtifacts (12 bytes)
Event: 215.765 Thread 0x0000000016655800 nmethod 12851 0x0000000004f82a50 code [0x0000000004f82bc0, 0x0000000004f82de8]
Event: 215.765 Thread 0x0000000016655800 12852       3       org.gradle.api.internal.artifacts.ivyservice.ivyresolve.CachingModuleComponentRepository$LocateInCacheRepositoryAccess::resolveArtifacts (97 bytes)
Event: 215.766 Thread 0x0000000016655800 nmethod 12852 0x0000000004f82ed0 code [0x0000000004f83160, 0x0000000004f84278]

GC Heap History (10 events):
Event: 72.228 GC heap before
{Heap before GC invocations=27 (full 4):
 PSYoungGen      total 97792K, used 96247K [0x00000000e0000000, 0x00000000e8080000, 0x0000000100000000)
  eden space 82432K, 100% used [0x00000000e0000000,0x00000000e5080000,0x00000000e5080000)
  from space 15360K, 89% used [0x00000000e5080000,0x00000000e5dfdc20,0x00000000e5f80000)
  to   space 17408K, 0% used [0x00000000e6f80000,0x00000000e6f80000,0x00000000e8080000)
 ParOldGen       total 93696K, used 92593K [0x00000000a0000000, 0x00000000a5b80000, 0x00000000e0000000)
  object space 93696K, 98% used [0x00000000a0000000,0x00000000a5a6c560,0x00000000a5b80000)
 Metaspace       used 75025K, capacity 77936K, committed 78228K, reserved 1118208K
  class space    used 9637K, capacity 10318K, committed 10428K, reserved 1048576K
Event: 72.487 GC heap after
Heap after GC invocations=27 (full 4):
 PSYoungGen      total 97792K, used 30574K [0x00000000e0000000, 0x00000000e8080000, 0x0000000100000000)
  eden space 82432K, 37% used [0x00000000e0000000,0x00000000e1ddb9d8,0x00000000e5080000)
  from space 15360K, 0% used [0x00000000e5080000,0x00000000e5080000,0x00000000e5f80000)
  to   space 17408K, 0% used [0x00000000e6f80000,0x00000000e6f80000,0x00000000e8080000)
 ParOldGen       total 153600K, used 84666K [0x00000000a0000000, 0x00000000a9600000, 0x00000000e0000000)
  object space 153600K, 55% used [0x00000000a0000000,0x00000000a52ae968,0x00000000a9600000)
 Metaspace       used 74987K, capacity 77828K, committed 78228K, reserved 1118208K
  class space    used 9624K, capacity 10294K, committed 10428K, reserved 1048576K
}
Event: 72.759 GC heap before
{Heap before GC invocations=28 (full 5):
 PSYoungGen      total 97792K, used 82432K [0x00000000e0000000, 0x00000000e8080000, 0x0000000100000000)
  eden space 82432K, 100% used [0x00000000e0000000,0x00000000e5080000,0x00000000e5080000)
  from space 15360K, 0% used [0x00000000e5080000,0x00000000e5080000,0x00000000e5f80000)
  to   space 17408K, 0% used [0x00000000e6f80000,0x00000000e6f80000,0x00000000e8080000)
 ParOldGen       total 171008K, used 170689K [0x00000000a0000000, 0x00000000aa700000, 0x00000000e0000000)
  object space 171008K, 99% used [0x00000000a0000000,0x00000000aa6b04d8,0x00000000aa700000)
 Metaspace       used 74988K, capacity 77828K, committed 78228K, reserved 1118208K
  class space    used 9624K, capacity 10294K, committed 10428K, reserved 1048576K
Event: 72.847 GC heap after
Heap after GC invocations=28 (full 5):
 PSYoungGen      total 97792K, used 0K [0x00000000e0000000, 0x00000000e8080000, 0x0000000100000000)
  eden space 82432K, 0% used [0x00000000e0000000,0x00000000e0000000,0x00000000e5080000)
  from space 15360K, 0% used [0x00000000e5080000,0x00000000e5080000,0x00000000e5f80000)
  to   space 17408K, 0% used [0x00000000e6f80000,0x00000000e6f80000,0x00000000e8080000)
 ParOldGen       total 253440K, used 162852K [0x00000000a0000000, 0x00000000af780000, 0x00000000e0000000)
  object space 253440K, 64% used [0x00000000a0000000,0x00000000a9f09048,0x00000000af780000)
 Metaspace       used 74988K, capacity 77828K, committed 78228K, reserved 1118208K
  class space    used 9624K, capacity 10294K, committed 10428K, reserved 1048576K
}
Event: 73.811 GC heap before
{Heap before GC invocations=29 (full 6):
 PSYoungGen      total 97792K, used 82432K [0x00000000e0000000, 0x00000000e8080000, 0x0000000100000000)
  eden space 82432K, 100% used [0x00000000e0000000,0x00000000e5080000,0x00000000e5080000)
  from space 15360K, 0% used [0x00000000e5080000,0x00000000e5080000,0x00000000e5f80000)
  to   space 17408K, 0% used [0x00000000e6f80000,0x00000000e6f80000,0x00000000e8080000)
 ParOldGen       total 278016K, used 275136K [0x00000000a0000000, 0x00000000b0f80000, 0x00000000e0000000)
  object space 278016K, 98% used [0x00000000a0000000,0x00000000b0cb02f0,0x00000000b0f80000)
 Metaspace       used 75045K, capacity 77904K, committed 78228K, reserved 1118208K
  class space    used 9633K, capacity 10296K, committed 10428K, reserved 1048576K
Event: 73.915 GC heap after
Heap after GC invocations=29 (full 6):
 PSYoungGen      total 97792K, used 0K [0x00000000e0000000, 0x00000000e8080000, 0x0000000100000000)
  eden space 82432K, 0% used [0x00000000e0000000,0x00000000e0000000,0x00000000e5080000)
  from space 15360K, 0% used [0x00000000e5080000,0x00000000e5080000,0x00000000e5f80000)
  to   space 17408K, 0% used [0x00000000e6f80000,0x00000000e6f80000,0x00000000e8080000)
 ParOldGen       total 314880K, used 194424K [0x00000000a0000000, 0x00000000b3380000, 0x00000000e0000000)
  object space 314880K, 61% used [0x00000000a0000000,0x00000000abdde2b8,0x00000000b3380000)
 Metaspace       used 75045K, capacity 77904K, committed 78228K, reserved 1118208K
  class space    used 9633K, capacity 10296K, committed 10428K, reserved 1048576K
}
Event: 73.970 GC heap before
{Heap before GC invocations=30 (full 6):
 PSYoungGen      total 97792K, used 81977K [0x00000000e0000000, 0x00000000e8080000, 0x0000000100000000)
  eden space 82432K, 99% used [0x00000000e0000000,0x00000000e500e430,0x00000000e5080000)
  from space 15360K, 0% used [0x00000000e5080000,0x00000000e5080000,0x00000000e5f80000)
  to   space 17408K, 0% used [0x00000000e6f80000,0x00000000e6f80000,0x00000000e8080000)
 ParOldGen       total 314880K, used 194424K [0x00000000a0000000, 0x00000000b3380000, 0x00000000e0000000)
  object space 314880K, 61% used [0x00000000a0000000,0x00000000abdde2b8,0x00000000b3380000)
 Metaspace       used 75148K, capacity 77992K, committed 78228K, reserved 1118208K
  class space    used 9653K, capacity 10302K, committed 10428K, reserved 1048576K
Event: 73.972 GC heap after
Heap after GC invocations=30 (full 6):
 PSYoungGen      total 90624K, used 416K [0x00000000e0000000, 0x00000000e7500000, 0x0000000100000000)
  eden space 84992K, 0% used [0x00000000e0000000,0x00000000e0000000,0x00000000e5300000)
  from space 5632K, 7% used [0x00000000e6f80000,0x00000000e6fe8000,0x00000000e7500000)
  to   space 17408K, 0% used [0x00000000e5300000,0x00000000e5300000,0x00000000e6400000)
 ParOldGen       total 314880K, used 194424K [0x00000000a0000000, 0x00000000b3380000, 0x00000000e0000000)
  object space 314880K, 61% used [0x00000000a0000000,0x00000000abdde2b8,0x00000000b3380000)
 Metaspace       used 75148K, capacity 77992K, committed 78228K, reserved 1118208K
  class space    used 9653K, capacity 10302K, committed 10428K, reserved 1048576K
}
Event: 74.440 GC heap before
{Heap before GC invocations=31 (full 6):
 PSYoungGen      total 90624K, used 85408K [0x00000000e0000000, 0x00000000e7500000, 0x0000000100000000)
  eden space 84992K, 100% used [0x00000000e0000000,0x00000000e5300000,0x00000000e5300000)
  from space 5632K, 7% used [0x00000000e6f80000,0x00000000e6fe8000,0x00000000e7500000)
  to   space 17408K, 0% used [0x00000000e5300000,0x00000000e5300000,0x00000000e6400000)
 ParOldGen       total 314880K, used 194424K [0x00000000a0000000, 0x00000000b3380000, 0x00000000e0000000)
  object space 314880K, 61% used [0x00000000a0000000,0x00000000abdde2b8,0x00000000b3380000)
 Metaspace       used 75226K, capacity 78114K, committed 78484K, reserved 1118208K
  class space    used 9664K, capacity 10339K, committed 10428K, reserved 1048576K
Event: 74.446 GC heap after
Heap after GC invocations=31 (full 6):
 PSYoungGen      total 102400K, used 352K [0x00000000e0000000, 0x00000000e7880000, 0x0000000100000000)
  eden space 84992K, 0% used [0x00000000e0000000,0x00000000e0000000,0x00000000e5300000)
  from space 17408K, 2% used [0x00000000e5300000,0x00000000e5358000,0x00000000e6400000)
  to   space 17920K, 0% used [0x00000000e6700000,0x00000000e6700000,0x00000000e7880000)
 ParOldGen       total 314880K, used 194424K [0x00000000a0000000, 0x00000000b3380000, 0x00000000e0000000)
  object space 314880K, 61% used [0x00000000a0000000,0x00000000abdde2b8,0x00000000b3380000)
 Metaspace       used 75226K, capacity 78114K, committed 78484K, reserved 1118208K
  class space    used 9664K, capacity 10339K, committed 10428K, reserved 1048576K
}

Deoptimization events (10 events):
Event: 73.919 Thread 0x0000000019403800 Uncommon trap: reason=unstable_if action=reinterpret pc=0x00000000037bf8bc method=java.nio.Bits.getInt(Ljava/nio/ByteBuffer;IZ)I @ 1
Event: 74.053 Thread 0x0000000019403800 Uncommon trap: reason=unstable_if action=reinterpret pc=0x0000000003db50ac method=java.nio.HeapByteBuffer.put(Ljava/nio/ByteBuffer;)Ljava/nio/ByteBuffer; @ 4
Event: 74.606 Thread 0x000000001e5d0800 Uncommon trap: reason=class_check action=maybe_recompile pc=0x0000000003af9758 method=java.util.concurrent.locks.ReentrantLock.lock()V @ 4
Event: 74.653 Thread 0x0000000019403800 Uncommon trap: reason=unstable_if action=reinterpret pc=0x00000000040e90d0 method=java.util.Locale.hashCode()I @ 6
Event: 212.605 Thread 0x000000001bde6000 Uncommon trap: reason=unstable_if action=reinterpret pc=0x0000000003df70b8 method=java.util.ArrayList.remove(Ljava/lang/Object;)Z @ 46
Event: 213.816 Thread 0x000000001bde6000 Uncommon trap: reason=class_check action=maybe_recompile pc=0x0000000004dda764 method=java.util.AbstractMap.isEmpty()Z @ 1
Event: 213.834 Thread 0x000000001bde6000 Uncommon trap: reason=class_check action=maybe_recompile pc=0x0000000004dda764 method=java.util.AbstractMap.isEmpty()Z @ 1
Event: 213.846 Thread 0x000000001bde6000 Uncommon trap: reason=class_check action=maybe_recompile pc=0x0000000004dda764 method=java.util.AbstractMap.isEmpty()Z @ 1
Event: 213.860 Thread 0x000000001bde6000 Uncommon trap: reason=class_check action=maybe_recompile pc=0x0000000004dda764 method=java.util.AbstractMap.isEmpty()Z @ 1
Event: 214.005 Thread 0x000000001bde9000 Uncommon trap: reason=bimorphic action=maybe_recompile pc=0x0000000004543d74 method=java.util.Collections.indexedBinarySearch(Ljava/util/List;Ljava/lang/Object;)I @ 39

Classes redefined (0 events):
No events

Internal exceptions (10 events):
Event: 213.738 Thread 0x000000001bde6000 Exception <a 'sun/nio/fs/WindowsException'> (0x00000000e1ce65f0) thrown at [D:\src\AOSP-openjdk-cygwin\jdk8u\hotspot\src\share\vm\prims\jni.cpp, line 709]
Event: 213.744 Thread 0x000000001bde6000 Exception <a 'sun/nio/fs/WindowsException'> (0x00000000e1ceb000) thrown at [D:\src\AOSP-openjdk-cygwin\jdk8u\hotspot\src\share\vm\prims\jni.cpp, line 709]
Event: 213.744 Thread 0x000000001bde6000 Exception <a 'sun/nio/fs/WindowsException'> (0x00000000e1cec280) thrown at [D:\src\AOSP-openjdk-cygwin\jdk8u\hotspot\src\share\vm\prims\jni.cpp, line 709]
Event: 213.745 Thread 0x000000001bde6000 Exception <a 'sun/nio/fs/WindowsException'> (0x00000000e1ceece0) thrown at [D:\src\AOSP-openjdk-cygwin\jdk8u\hotspot\src\share\vm\prims\jni.cpp, line 709]
Event: 213.745 Thread 0x000000001bde6000 Exception <a 'sun/nio/fs/WindowsException'> (0x00000000e1ceff98) thrown at [D:\src\AOSP-openjdk-cygwin\jdk8u\hotspot\src\share\vm\prims\jni.cpp, line 709]
Event: 213.754 Thread 0x000000001bde6000 Exception <a 'sun/nio/fs/WindowsException'> (0x00000000e1cf41a0) thrown at [D:\src\AOSP-openjdk-cygwin\jdk8u\hotspot\src\share\vm\prims\jni.cpp, line 709]
Event: 213.754 Thread 0x000000001bde6000 Exception <a 'sun/nio/fs/WindowsException'> (0x00000000e1cf5448) thrown at [D:\src\AOSP-openjdk-cygwin\jdk8u\hotspot\src\share\vm\prims\jni.cpp, line 709]
Event: 213.754 Thread 0x000000001bde6000 Exception <a 'sun/nio/fs/WindowsException'> (0x00000000e1cf82a0) thrown at [D:\src\AOSP-openjdk-cygwin\jdk8u\hotspot\src\share\vm\prims\jni.cpp, line 709]
Event: 213.754 Thread 0x000000001bde6000 Exception <a 'sun/nio/fs/WindowsException'> (0x00000000e1cf9580) thrown at [D:\src\AOSP-openjdk-cygwin\jdk8u\hotspot\src\share\vm\prims\jni.cpp, line 709]
Event: 214.021 Thread 0x000000001bde6000 Exception <a 'sun/nio/fs/WindowsException'> (0x00000000e2d0bbb0) thrown at [D:\src\AOSP-openjdk-cygwin\jdk8u\hotspot\src\share\vm\prims\jni.cpp, line 709]

Events (10 events):
Event: 214.085 Executing VM operation: RevokeBias done
Event: 214.086 Thread 0x000000001bde5000 Thread exited: 0x000000001bde5000
Event: 215.626 Thread 0x000000001e5c9800 Thread added: 0x000000001e5c9800
Event: 215.626 Executing VM operation: RevokeBias
Event: 215.626 Executing VM operation: RevokeBias done
Event: 215.678 Thread 0x000000001e5c6800 Thread added: 0x000000001e5c6800
Event: 215.690 Thread 0x000000001e5ca800 Thread added: 0x000000001e5ca800
Event: 215.690 Thread 0x000000001e5c7800 Thread added: 0x000000001e5c7800
Event: 215.697 Thread 0x000000001e5c9000 Thread added: 0x000000001e5c9000
Event: 215.723 Thread 0x000000001e5cb000 Thread added: 0x000000001e5cb000


Dynamic libraries:
0x00007ff7afd90000 - 0x00007ff7afdc1000 	C:\Program Files\Android\Android Studio\jre\bin\java.exe
0x00007ffb94780000 - 0x00007ffb94961000 	C:\WINDOWS\SYSTEM32\ntdll.dll
0x00007ffb921c0000 - 0x00007ffb92272000 	C:\WINDOWS\System32\KERNEL32.DLL
0x00007ffb90e10000 - 0x00007ffb91083000 	C:\WINDOWS\System32\KERNELBASE.dll
0x00007ffb91e70000 - 0x00007ffb91f11000 	C:\WINDOWS\System32\ADVAPI32.dll
0x00007ffb927d0000 - 0x00007ffb9286e000 	C:\WINDOWS\System32\msvcrt.dll
0x00007ffb91d40000 - 0x00007ffb91d9b000 	C:\WINDOWS\System32\sechost.dll
0x00007ffb91c10000 - 0x00007ffb91d34000 	C:\WINDOWS\System32\RPCRT4.dll
0x00007ffb92620000 - 0x00007ffb927b0000 	C:\WINDOWS\System32\USER32.dll
0x00007ffb91bf0000 - 0x00007ffb91c10000 	C:\WINDOWS\System32\win32u.dll
0x00007ffb92190000 - 0x00007ffb921b8000 	C:\WINDOWS\System32\GDI32.dll
0x00007ffb912a0000 - 0x00007ffb91432000 	C:\WINDOWS\System32\gdi32full.dll
0x00007ffb91440000 - 0x00007ffb914df000 	C:\WINDOWS\System32\msvcp_win.dll
0x00007ffb91090000 - 0x00007ffb9118a000 	C:\WINDOWS\System32\ucrtbase.dll
0x00007ffb87150000 - 0x00007ffb873b9000 	C:\WINDOWS\WinSxS\amd64_microsoft.windows.common-controls_6595b64144ccf1df_6.0.17134.285_none_fb4297e330656775\COMCTL32.dll
0x00007ffb92cc0000 - 0x00007ffb92fe3000 	C:\WINDOWS\System32\combase.dll
0x00007ffb90b50000 - 0x00007ffb90bca000 	C:\WINDOWS\System32\bcryptPrimitives.dll
0x00007ffb94720000 - 0x00007ffb9474d000 	C:\WINDOWS\System32\IMM32.DLL
0x0000000066300000 - 0x00000000663d2000 	C:\Program Files\Android\Android Studio\jre\jre\bin\msvcr100.dll
0x00000000682c0000 - 0x0000000068aff000 	C:\Program Files\Android\Android Studio\jre\jre\bin\server\jvm.dll
0x00007ffb91f20000 - 0x00007ffb91f28000 	C:\WINDOWS\System32\PSAPI.DLL
0x00007ffb659b0000 - 0x00007ffb659b9000 	C:\WINDOWS\SYSTEM32\WSOCK32.dll
0x00007ffb8ba50000 - 0x00007ffb8ba5a000 	C:\WINDOWS\SYSTEM32\VERSION.dll
0x00007ffb8e940000 - 0x00007ffb8e963000 	C:\WINDOWS\SYSTEM32\WINMM.dll
0x00007ffb91e00000 - 0x00007ffb91e6c000 	C:\WINDOWS\System32\WS2_32.dll
0x00007ffb8e5d0000 - 0x00007ffb8e5fa000 	C:\WINDOWS\SYSTEM32\winmmbase.dll
0x00007ffb90bd0000 - 0x00007ffb90c19000 	C:\WINDOWS\System32\cfgmgr32.dll
0x00007ffb71ed0000 - 0x00007ffb71edf000 	C:\Program Files\Android\Android Studio\jre\jre\bin\verify.dll
0x00007ffb71ea0000 - 0x00007ffb71ec9000 	C:\Program Files\Android\Android Studio\jre\jre\bin\java.dll
0x00007ffb719f0000 - 0x00007ffb71a06000 	C:\Program Files\Android\Android Studio\jre\jre\bin\zip.dll
0x00007ffb93140000 - 0x00007ffb94580000 	C:\WINDOWS\System32\SHELL32.dll
0x00007ffb92010000 - 0x00007ffb920b9000 	C:\WINDOWS\System32\shcore.dll
0x00007ffb914e0000 - 0x00007ffb91bed000 	C:\WINDOWS\System32\windows.storage.dll
0x00007ffb91da0000 - 0x00007ffb91df1000 	C:\WINDOWS\System32\shlwapi.dll
0x00007ffb90b10000 - 0x00007ffb90b21000 	C:\WINDOWS\System32\kernel.appcore.dll
0x00007ffb90a90000 - 0x00007ffb90aaf000 	C:\WINDOWS\System32\profapi.dll
0x00007ffb90ab0000 - 0x00007ffb90afc000 	C:\WINDOWS\System32\powrprof.dll
0x00007ffb90b00000 - 0x00007ffb90b0a000 	C:\WINDOWS\System32\FLTLIB.DLL
0x00007ffb6dae0000 - 0x00007ffb6dafa000 	C:\Program Files\Android\Android Studio\jre\jre\bin\net.dll
0x00007ffb90310000 - 0x00007ffb90376000 	C:\WINDOWS\system32\mswsock.dll
0x00007ffb6ed30000 - 0x00007ffb6ed41000 	C:\Program Files\Android\Android Studio\jre\jre\bin\nio.dll
0x00007ffb7c9d0000 - 0x00007ffb7c9ee000 	C:\Users\charles\.gradle\native\25\windows-amd64\native-platform.dll
0x00007ffb6dcb0000 - 0x00007ffb6dcbd000 	C:\Program Files\Android\Android Studio\jre\jre\bin\management.dll
0x00007ffb904c0000 - 0x00007ffb904d7000 	C:\WINDOWS\SYSTEM32\CRYPTSP.dll
0x00007ffb8fef0000 - 0x00007ffb8ff23000 	C:\WINDOWS\system32\rsaenh.dll
0x00007ffb905f0000 - 0x00007ffb90615000 	C:\WINDOWS\SYSTEM32\bcrypt.dll
0x00007ffb909c0000 - 0x00007ffb909e8000 	C:\WINDOWS\SYSTEM32\USERENV.dll
0x00007ffb904e0000 - 0x00007ffb904eb000 	C:\WINDOWS\SYSTEM32\CRYPTBASE.dll
0x00007ffb90090000 - 0x00007ffb900c8000 	C:\WINDOWS\SYSTEM32\IPHLPAPI.DLL
0x00007ffb92280000 - 0x00007ffb92288000 	C:\WINDOWS\System32\NSI.dll
0x00007ffb89550000 - 0x00007ffb89566000 	C:\WINDOWS\SYSTEM32\dhcpcsvc6.DLL
0x00007ffb89530000 - 0x00007ffb8954a000 	C:\WINDOWS\SYSTEM32\dhcpcsvc.DLL
0x00007ffb6cdf0000 - 0x00007ffb6cf86000 	C:\Program Files\Android\Android Studio\jre\jre\bin\awt.dll
0x00007ffb920c0000 - 0x00007ffb92182000 	C:\WINDOWS\System32\OLEAUT32.dll
0x00007ffb8dd80000 - 0x00007ffb8e347000 	C:\WINDOWS\SYSTEM32\d2d1.dll
0x00007ffb8eb50000 - 0x00007ffb8ebdb000 	C:\WINDOWS\SYSTEM32\apphelp.dll
0x00007ffb8ef60000 - 0x00007ffb8ef89000 	C:\WINDOWS\system32\DWMAPI.DLL
0x00007ffb8ecd0000 - 0x00007ffb8ed68000 	C:\WINDOWS\system32\uxtheme.dll

VM Arguments:
jvm_args: -Xmx1536M -Dfile.encoding=windows-1252 -Duser.country=US -Duser.language=en -Duser.variant 
java_command: org.gradle.launcher.daemon.bootstrap.GradleDaemon 4.1
java_class_path (initial): C:\Users\charles\.gradle\wrapper\dists\gradle-4.1-all\bzyivzo6n839fup2jbap0tjew\gradle-4.1\lib\gradle-launcher-4.1.jar
Launcher Type: SUN_STANDARD

Environment Variables:
JAVA_HOME=C:\Program Files\Android\Android Studio\jre
CLASSPATH=C:\Users\charles\Downloads\material-components-flutter-codelabs-101-starter\material-components-flutter-codelabs-101-starter\mdc_100_series\android\\gradle\wrapper\gradle-wrapper.jar
PATH=C:\Program Files (x86)\Common Files\Oracle\Java\javapath;C:\ProgramData\Anaconda3;C:\ProgramData\Anaconda3\Library\mingw-w64\bin;C:\ProgramData\Anaconda3\Library\usr\bin;C:\ProgramData\Anaconda3\Library\bin;C:\ProgramData\Anaconda3\Scripts;C:\WINDOWS\system32;C:\WINDOWS;C:\WINDOWS\System32\Wbem;C:\WINDOWS\System32\WindowsPowerShell\v1.0\;C:\Program Files\Git\cmd;C:\WINDOWS\System32\OpenSSH\;C:\Program Files (x86)\AMD\ATI.ACE\Core-Static;C:\sqlite;C:\Program Files (x86)\Microsoft SQL Server\Client SDK\ODBC\130\Tools\Binn\;C:\Program Files (x86)\Microsoft SQL Server\140\Tools\Binn\;C:\Program Files (x86)\Microsoft SQL Server\140\DTS\Binn\;C:\Program Files (x86)\Microsoft SQL Server\140\Tools\Binn\ManagementStudio\;C:\Program Files\Microsoft VS Code\bin;C:\src\flutter\bin;C:\src\flutter\bin\mingit\cmd
USERNAME=charles
OS=Windows_NT
PROCESSOR_IDENTIFIER=Intel64 Family 6 Model 94 Stepping 3, GenuineIntel



---------------  S Y S T E M  ---------------

OS: Windows 10.0 , 64 bit Build 17134 (10.0.17134.1)

CPU:total 4 (initial active 4) (4 cores per cpu, 1 threads per core) family 6 model 94 stepping 3, cmov, cx8, fxsr, mmx, sse, sse2, sse3, ssse3, sse4.1, sse4.2, popcnt, avx, avx2, aes, clmul, erms, rtm, 3dnowpref, lzcnt, tsc, tscinvbit, bmi1, bmi2, adx

Memory: 4k page, physical 8328340k(914816k free), swap 10294420k(284k free)

vm_info: OpenJDK 64-Bit Server VM (25.152-b02) for windows-amd64 JRE (1.8.0_152-release-1024-b02), built by "builder" with MS VC++ 10.0 (VS2010)

time: Sat Sep 15 17:17:23 2018
elapsed time: 215 seconds (0d 0h 3m 35s)

